0 info it worked if it ends with ok
1 verbose cli [ 'C:\\Program Files\\nodejs\\node.exe',
1 verbose cli   'C:\\Program Files\\nodejs\\node_modules\\npm\\bin\\npm-cli.js',
1 verbose cli   'install',
1 verbose cli   './package.json',
1 verbose cli   '--save' ]
2 info using npm@2.14.7
3 info using node@v4.2.3
4 verbose install initial load of C:\Users\Temp\messytube\package.json
5 verbose readDependencies loading dependencies from C:\Users\Temp\messytube\package.json
6 silly cache add args [ './package.json', null ]
7 verbose cache add spec ./package.json
8 silly cache add parsed spec Result {
8 silly cache add   raw: './package.json',
8 silly cache add   scope: null,
8 silly cache add   name: null,
8 silly cache add   rawSpec: './package.json',
8 silly cache add   spec: 'C:\\Users\\Temp\\messytube\\package.json',
8 silly cache add   type: 'local' }
9 silly addLocalTarball shasum (computed) b3d2ec18b10c0ff51bd333ecf02a5324c0db6fdf
10 verbose addTmpTarball C:\Users\Temp\messytube\package.json not in flight; adding
11 verbose addTmpTarball validating metadata from C:\Users\Temp\messytube\package.json
12 verbose tar unpack C:\Users\Temp\messytube\package.json
13 verbose tar unpacking to C:\Users\Temp\AppData\Local\Temp\npm-11392-207d905c\unpack-2c0a50a8e357
14 silly gentlyRm C:\Users\Temp\AppData\Local\Temp\npm-11392-207d905c\unpack-2c0a50a8e357 is being purged
15 verbose gentlyRm don't care about contents; nuking C:\Users\Temp\AppData\Local\Temp\npm-11392-207d905c\unpack-2c0a50a8e357
16 silly gunzTarPerm modes [ '777', '666' ]
17 error not a package C:\Users\Temp\messytube\package.json
18 error addLocal Could not install C:\Users\Temp\messytube\package.json
19 verbose stack Error: ENOENT: no such file or directory, open 'C:\Users\Temp\AppData\Local\Temp\npm-11392-207d905c\unpack-2c0a50a8e357\package.json'
19 verbose stack     at Error (native)
20 verbose cwd C:\Users\Temp\messytube
21 error Windows_NT 10.0.10240
22 error argv "C:\\Program Files\\nodejs\\node.exe" "C:\\Program Files\\nodejs\\node_modules\\npm\\bin\\npm-cli.js" "install" "./package.json" "--save"
23 error node v4.2.3
24 error npm  v2.14.7
25 error path C:\Users\Temp\AppData\Local\Temp\npm-11392-207d905c\unpack-2c0a50a8e357\package.json
26 error code ENOENT
27 error errno -4058
28 error syscall open
29 error enoent ENOENT: no such file or directory, open 'C:\Users\Temp\AppData\Local\Temp\npm-11392-207d905c\unpack-2c0a50a8e357\package.json'
29 error enoent This is most likely not a problem with npm itself
29 error enoent and is related to npm not being able to find a file.
30 verbose exit [ -4058, true ]
